2015-12-01 13:32:34,828 [main] ERROR com.alibaba.dubbo.container.Main (Main.java:86) -  [DUBBO] Failed to load extension class(interface: interface com.alibaba.dubbo.rpc.Protocol, class line: com.alibaba.dubbo.rpc.protocol.rest.RestProtocol) in jar:file:/D:/system-service-1.0-SNAPSHOT/lib/dubbo-2.8.4.jar!/META-INF/dubbo/internal/com.alibaba.dubbo.rpc.Protocol, cause: org/jboss/resteasy/client/jaxrs/ClientHttpEngine, dubbo version: 2.8.4, current host: 127.0.0.1
java.lang.IllegalStateException: Failed to load extension class(interface: interface com.alibaba.dubbo.rpc.Protocol, class line: com.alibaba.dubbo.rpc.protocol.rest.RestProtocol) in jar:file:/D:/system-service-1.0-SNAPSHOT/lib/dubbo-2.8.4.jar!/META-INF/dubbo/internal/com.alibaba.dubbo.rpc.Protocol, cause: org/jboss/resteasy/client/jaxrs/ClientHttpEngine
	at com.alibaba.dubbo.common.extension.ExtensionLoader.loadFile(ExtensionLoader.java:685)
	at com.alibaba.dubbo.common.extension.ExtensionLoader.loadExtensionClasses(ExtensionLoader.java:591)
	at com.alibaba.dubbo.common.extension.ExtensionLoader.getExtensionClasses(ExtensionLoader.java:567)
	at com.alibaba.dubbo.common.extension.ExtensionLoader.getExtensionClass(ExtensionLoader.java:555)
	at com.alibaba.dubbo.common.extension.ExtensionLoader.hasExtension(ExtensionLoader.java:343)
	at com.alibaba.dubbo.config.spring.schema.DubboBeanDefinitionParser.parse(DubboBeanDefinitionParser.java:194)
	at com.alibaba.dubbo.config.spring.schema.DubboBeanDefinitionParser.parse(DubboBeanDefinitionParser.java:77)
	at org.springframework.beans.factory.xml.NamespaceHandlerSupport.parse(NamespaceHandlerSupport.java:73)
	at org.springframework.beans.factory.xml.BeanDefinitionParserDelegate.parseCustomElement(BeanDefinitionParserDelegate.java:1438)
	at org.springframework.beans.factory.xml.BeanDefinitionParserDelegate.parseCustomElement(BeanDefinitionParserDelegate.java:1428)
	at org.springframework.beans.factory.xml.DefaultBeanDefinitionDocumentReader.parseBeanDefinitions(DefaultBeanDefinitionDocumentReader.java:195)
	at org.springframework.beans.factory.xml.DefaultBeanDefinitionDocumentReader.doRegisterBeanDefinitions(DefaultBeanDefinitionDocumentReader.java:139)
	at org.springframework.beans.factory.xml.DefaultBeanDefinitionDocumentReader.registerBeanDefinitions(DefaultBeanDefinitionDocumentReader.java:108)
	at org.springframework.beans.factory.xml.XmlBeanDefinitionReader.registerBeanDefinitions(XmlBeanDefinitionReader.java:493)
	at org.springframework.beans.factory.xml.XmlBeanDefinitionReader.doLoadBeanDefinitions(XmlBeanDefinitionReader.java:390)
	at org.springframework.beans.factory.xml.XmlBeanDefinitionReader.loadBeanDefinitions(XmlBeanDefinitionReader.java:334)
	at org.springframework.beans.factory.xml.XmlBeanDefinitionReader.loadBeanDefinitions(XmlBeanDefinitionReader.java:302)
	at org.springframework.beans.factory.support.AbstractBeanDefinitionReader.loadBeanDefinitions(AbstractBeanDefinitionReader.java:174)
	at org.springframework.beans.factory.support.AbstractBeanDefinitionReader.loadBeanDefinitions(AbstractBeanDefinitionReader.java:209)
	at org.springframework.beans.factory.support.AbstractBeanDefinitionReader.loadBeanDefinitions(AbstractBeanDefinitionReader.java:180)
	at org.springframework.beans.factory.support.AbstractBeanDefinitionReader.loadBeanDefinitions(AbstractBeanDefinitionReader.java:243)
	at org.springframework.context.support.AbstractXmlApplicationContext.loadBeanDefinitions(AbstractXmlApplicationContext.java:127)
	at org.springframework.context.support.AbstractXmlApplicationContext.loadBeanDefinitions(AbstractXmlApplicationContext.java:93)
	at org.springframework.context.support.AbstractRefreshableApplicationContext.refreshBeanFactory(AbstractRefreshableApplicationContext.java:130)
	at org.springframework.context.support.AbstractApplicationContext.obtainFreshBeanFactory(AbstractApplicationContext.java:537)
	at org.springframework.context.support.AbstractApplicationContext.refresh(AbstractApplicationContext.java:451)
	at org.springframework.context.support.ClassPathXmlApplicationContext.<init>(ClassPathXmlApplicationContext.java:139)
	at org.springframework.context.support.ClassPathXmlApplicationContext.<init>(ClassPathXmlApplicationContext.java:93)
	at com.alibaba.dubbo.container.spring.SpringContainer.start(SpringContainer.java:50)
	at com.alibaba.dubbo.container.Main.main(Main.java:80)
Caused by: java.lang.NoClassDefFoundError: org/jboss/resteasy/client/jaxrs/ClientHttpEngine
	at java.lang.Class.forName0(Native Method)
	at java.lang.Class.forName(Unknown Source)
	at com.alibaba.dubbo.common.extension.ExtensionLoader.loadFile(ExtensionLoader.java:627)
	... 29 more
Caused by: java.lang.ClassNotFoundException: org.jboss.resteasy.client.jaxrs.ClientHttpEngine
	at java.net.URLClassLoader$1.run(Unknown Source)
	at java.net.URLClassLoader$1.run(Unknown Source)
	at java.security.AccessController.doPrivileged(Native Method)
	at java.net.URLClassLoader.findClass(Unknown Source)
	at java.lang.ClassLoader.loadClass(Unknown Source)
	at sun.misc.Launcher$AppClassLoader.loadClass(Unknown Source)
	at java.lang.ClassLoader.loadClass(Unknown Source)
	... 32 more
